<?xml version="1.0" encoding="UTF-8"?>
<testng-results skipped="0" failed="0" total="1" passed="1">
  <reporter-output>
  </reporter-output>
  <suite name="Suite" duration-ms="72917" started-at="2019-05-11T14:28:21Z" finished-at="2019-05-11T14:29:34Z">
    <groups>
    </groups>
    <test name="Test" duration-ms="72917" started-at="2019-05-11T14:28:21Z" finished-at="2019-05-11T14:29:34Z">
      <class name="p1.Check">
        <test-method status="PASS" signature="test()[pri:0, instance:p1.Check@7a92922]" name="test" duration-ms="72843" started-at="2019-05-11T19:58:21Z" finished-at="2019-05-11T19:59:34Z">
          <reporter-output>
          </reporter-output>
        </test-method> <!-- test -->
      </class> <!-- p1.Check -->
    </test> <!-- Test -->
  </suite> <!-- Suite -->
</testng-results>
